[0, 0] ce: 0.7044180631637573, acc: 0.375
[0, 0] avg_ce: 0.597692608833313, avg_acc: 0.3303571343421936
best
[0, 10] ce: 0.4144648611545563, acc: 0.9375
[0, 20] ce: 0.06302669644355774, acc: 1.0
[0, 30] ce: 0.2906147241592407, acc: 0.9375
[0, 40] ce: 0.2937653660774231, acc: 0.9375
[0, 50] ce: 0.04659435153007507, acc: 1.0
[0, 60] ce: 0.03527029603719711, acc: 1.0
[0, 70] ce: 0.133600652217865, acc: 0.875
[0, 80] ce: 0.007824316620826721, acc: 1.0
[0, 90] ce: 0.01680837571620941, acc: 1.0
[0, 100] ce: 0.019176065921783447, acc: 1.0
[0, 110] ce: 0.03681924194097519, acc: 1.0
[0, 120] ce: 0.019558854401111603, acc: 1.0
[0, 130] ce: 0.06996524333953857, acc: 1.0
[0, 140] ce: 0.062151677906513214, acc: 1.0
[0, 150] ce: 0.370075523853302, acc: 0.875
[0, 160] ce: 0.022875934839248657, acc: 1.0
[0, 170] ce: 0.017714008688926697, acc: 1.0
[0, 180] ce: 0.42937541007995605, acc: 0.875
[0, 190] ce: 0.24863091111183167, acc: 0.9375
[0, 200] ce: 0.010580748319625854, acc: 1.0
[0, 210] ce: 0.16029775142669678, acc: 0.9375
[0, 220] ce: 0.2817138135433197, acc: 0.9375
[0, 230] ce: 0.7716798782348633, acc: 0.9375
[0, 240] ce: 0.08074292540550232, acc: 0.9375
[0, 250] ce: 0.05172841250896454, acc: 1.0
[0, 260] ce: 0.1834436058998108, acc: 0.9375
[0, 270] ce: 0.21744653582572937, acc: 0.9375
[0, 280] ce: 0.07822249084711075, acc: 0.9375
[0, 290] ce: 0.3025059998035431, acc: 0.9375
[0, 300] ce: 0.010011166334152222, acc: 1.0
[0, 310] ce: 0.01651740074157715, acc: 1.0
[0, 320] ce: 0.12150891125202179, acc: 0.9375
[0, 330] ce: 0.034075893461704254, acc: 1.0
[0, 340] ce: 0.0102628692984581, acc: 1.0
[0, 350] ce: 0.011639058589935303, acc: 1.0
[0, 360] ce: 0.34890851378440857, acc: 0.875
[0, 370] ce: 0.05120453983545303, acc: 1.0
[0, 380] ce: 0.01712433248758316, acc: 1.0
[0, 390] ce: 0.009169414639472961, acc: 1.0
[0, 400] ce: 0.014001987874507904, acc: 1.0
[0, 410] ce: 0.01568526029586792, acc: 1.0
[0, 420] ce: 0.015373319387435913, acc: 1.0
[0, 430] ce: 0.013867691159248352, acc: 1.0
[0, 440] ce: 0.012418791651725769, acc: 1.0
[0, 450] ce: 0.019602946937084198, acc: 1.0
[0, 460] ce: 0.17999817430973053, acc: 0.9375
[0, 470] ce: 0.28062674403190613, acc: 0.9375
[0, 480] ce: 0.19229541718959808, acc: 0.9375
[0, 490] ce: 0.014263942837715149, acc: 1.0
[0, 500] ce: 0.32423263788223267, acc: 0.9375
[0, 500] avg_ce: 0.06334719806909561, avg_acc: 0.9821428656578064
best
[0, 510] ce: 0.12483741343021393, acc: 0.9375
[0, 520] ce: 0.015846818685531616, acc: 1.0
[0, 530] ce: 0.02080078423023224, acc: 1.0
[0, 540] ce: 0.019705496728420258, acc: 1.0
[0, 550] ce: 0.25657665729522705, acc: 0.9375
[0, 560] ce: 0.24867498874664307, acc: 0.9375
[0, 570] ce: 0.0517745167016983, acc: 1.0
[0, 580] ce: 0.027007408440113068, acc: 1.0
[0, 590] ce: 0.016544081270694733, acc: 1.0
[0, 600] ce: 0.1846681535243988, acc: 0.9375
[0, 610] ce: 0.2580258846282959, acc: 0.9375
[0, 620] ce: 0.02426135540008545, acc: 1.0
[1, 0] ce: 0.031024746596813202, acc: 1.0
[1, 0] avg_ce: 0.08434096723794937, avg_acc: 0.9732142686843872
[1, 10] ce: 0.022129513323307037, acc: 1.0
[1, 20] ce: 0.016370996832847595, acc: 1.0
[1, 30] ce: 0.09759728610515594, acc: 0.9375
[1, 40] ce: 0.02800138294696808, acc: 1.0
[1, 50] ce: 0.12617695331573486, acc: 0.9375
[1, 60] ce: 0.01160857081413269, acc: 1.0
[1, 70] ce: 0.01893998682498932, acc: 1.0
[1, 80] ce: 0.15765805542469025, acc: 0.9375
[1, 90] ce: 0.028019659221172333, acc: 1.0
[1, 100] ce: 0.030084960162639618, acc: 1.0
[1, 110] ce: 0.01666676253080368, acc: 1.0
[1, 120] ce: 0.3209155797958374, acc: 0.875
[1, 130] ce: 0.07376062870025635, acc: 0.9375
[1, 140] ce: 0.048304781317710876, acc: 1.0
[1, 150] ce: 0.2684243321418762, acc: 0.9375
[1, 160] ce: 0.007496237754821777, acc: 1.0
[1, 170] ce: 0.018199339509010315, acc: 1.0
[1, 180] ce: 0.012260586023330688, acc: 1.0
[1, 190] ce: 0.008229248225688934, acc: 1.0
[1, 200] ce: 0.009262457489967346, acc: 1.0
[1, 210] ce: 0.008270114660263062, acc: 1.0
[1, 220] ce: 0.08193059265613556, acc: 0.9375
[1, 230] ce: 0.02904447168111801, acc: 1.0
[1, 240] ce: 0.18343549966812134, acc: 0.9375
[1, 250] ce: 0.013333506882190704, acc: 1.0
[1, 260] ce: 0.012602493166923523, acc: 1.0
[1, 270] ce: 0.008756905794143677, acc: 1.0
[1, 280] ce: 0.013339504599571228, acc: 1.0
[1, 290] ce: 0.023884497582912445, acc: 1.0
[1, 300] ce: 0.1416613757610321, acc: 0.9375
[1, 310] ce: 0.0330267995595932, acc: 1.0
[1, 320] ce: 0.033066295087337494, acc: 1.0
[1, 330] ce: 0.010184042155742645, acc: 1.0
[1, 340] ce: 0.45338690280914307, acc: 0.8125
[1, 350] ce: 0.03635799139738083, acc: 1.0
[1, 360] ce: 0.19486506283283234, acc: 0.9375
[1, 370] ce: 0.017803683876991272, acc: 1.0
[1, 380] ce: 0.017128922045230865, acc: 1.0
[1, 390] ce: 0.013381704688072205, acc: 1.0
[1, 400] ce: 0.026583898812532425, acc: 1.0
[1, 410] ce: 0.019825108349323273, acc: 1.0
[1, 420] ce: 0.16739149391651154, acc: 0.9375
[1, 430] ce: 0.014724135398864746, acc: 1.0
[1, 440] ce: 0.008274853229522705, acc: 1.0
[1, 450] ce: 0.018672578036785126, acc: 1.0
[1, 460] ce: 0.23552826046943665, acc: 0.9375
[1, 470] ce: 0.18218612670898438, acc: 0.9375
[1, 480] ce: 0.2563132643699646, acc: 0.9375
[1, 490] ce: 0.014277756214141846, acc: 1.0
[1, 500] ce: 0.01795455813407898, acc: 1.0
[1, 500] avg_ce: 0.14637306332588196, avg_acc: 0.9553571343421936
[1, 510] ce: 0.23606808483600616, acc: 0.9375
[1, 520] ce: 0.020023800432682037, acc: 1.0
[1, 530] ce: 0.016593076288700104, acc: 1.0
[1, 540] ce: 0.011264711618423462, acc: 1.0
[1, 550] ce: 0.037366628646850586, acc: 1.0
[1, 560] ce: 0.18211455643177032, acc: 0.9375
[1, 570] ce: 0.02109655737876892, acc: 1.0
[1, 580] ce: 0.05583721399307251, acc: 1.0
[1, 590] ce: 0.0165131613612175, acc: 1.0
[1, 600] ce: 0.24739566445350647, acc: 0.9375
[1, 610] ce: 0.6387364864349365, acc: 0.8125
[1, 620] ce: 0.10205432772636414, acc: 0.9375
[2, 0] ce: 0.013790890574455261, acc: 1.0
[2, 0] avg_ce: 0.06529656797647476, avg_acc: 0.9821428656578064
[2, 10] ce: 0.182535782456398, acc: 0.9375
[2, 20] ce: 0.23842686414718628, acc: 0.9375
[2, 30] ce: 0.5467851161956787, acc: 0.9375
[2, 40] ce: 0.030277244746685028, acc: 1.0
[2, 50] ce: 0.012303069233894348, acc: 1.0
[2, 60] ce: 0.00914328545331955, acc: 1.0
[2, 70] ce: 0.014104761183261871, acc: 1.0
[2, 80] ce: 0.011964842677116394, acc: 1.0
[2, 90] ce: 0.4768785238265991, acc: 0.8125
[2, 100] ce: 0.013881929218769073, acc: 1.0
[2, 110] ce: 0.01442226767539978, acc: 1.0
[2, 120] ce: 0.013451196253299713, acc: 1.0
[2, 130] ce: 0.33420997858047485, acc: 0.875
[2, 140] ce: 0.014387920498847961, acc: 1.0
[2, 150] ce: 0.015636660158634186, acc: 1.0
[2, 160] ce: 0.2900417447090149, acc: 0.9375
[2, 170] ce: 0.030801795423030853, acc: 1.0
[2, 180] ce: 0.247147798538208, acc: 0.9375
[2, 190] ce: 0.023524068295955658, acc: 1.0
[2, 200] ce: 0.014209508895874023, acc: 1.0
[2, 210] ce: 0.04399566352367401, acc: 1.0
[2, 220] ce: 0.01807510107755661, acc: 1.0
[2, 230] ce: 0.01609949767589569, acc: 1.0
[2, 240] ce: 0.04164396598935127, acc: 1.0
[2, 250] ce: 0.011110544204711914, acc: 1.0
[2, 260] ce: 0.03781655430793762, acc: 1.0
[2, 270] ce: 0.0039581358432769775, acc: 1.0
[2, 280] ce: 0.2857550382614136, acc: 0.9375
[2, 290] ce: 0.24858102202415466, acc: 0.9375
[2, 300] ce: 0.04709816724061966, acc: 1.0
[2, 310] ce: 0.20507046580314636, acc: 0.9375
[2, 320] ce: 0.02332664281129837, acc: 1.0
[2, 330] ce: 0.02125551551580429, acc: 1.0
[2, 340] ce: 0.06287072598934174, acc: 0.9375
[2, 350] ce: 0.1654549539089203, acc: 0.875
[2, 360] ce: 0.009495481848716736, acc: 1.0
[2, 370] ce: 0.008346222341060638, acc: 1.0
[2, 380] ce: 0.17630019783973694, acc: 0.9375
[2, 390] ce: 0.01557924598455429, acc: 1.0
[2, 400] ce: 0.18917495012283325, acc: 0.9375
[2, 410] ce: 0.016759753227233887, acc: 1.0
[2, 420] ce: 0.2877175807952881, acc: 0.9375
[2, 430] ce: 0.014772526919841766, acc: 1.0
[2, 440] ce: 0.06351497024297714, acc: 0.9375
[2, 450] ce: 0.0434487909078598, acc: 1.0
[2, 460] ce: 0.017674274742603302, acc: 1.0
[2, 470] ce: 0.2024606317281723, acc: 0.9375
[2, 480] ce: 0.01014605164527893, acc: 1.0
[2, 490] ce: 0.3661530017852783, acc: 0.875
[2, 500] ce: 0.013861946761608124, acc: 1.0
[2, 500] avg_ce: 0.09924442321062088, avg_acc: 0.9732142686843872
[2, 510] ce: 0.12279977649450302, acc: 0.9375
[2, 520] ce: 0.033574119210243225, acc: 1.0
[2, 530] ce: 0.04430881887674332, acc: 1.0
[2, 540] ce: 0.07437555491924286, acc: 0.9375
[2, 550] ce: 0.0775061547756195, acc: 0.9375
[2, 560] ce: 0.013074815273284912, acc: 1.0
[2, 570] ce: 0.01363372802734375, acc: 1.0
[2, 580] ce: 0.010304972529411316, acc: 1.0
[2, 590] ce: 0.016761839389801025, acc: 1.0
[2, 600] ce: 0.27946481108665466, acc: 0.9375
[2, 610] ce: 0.00700727105140686, acc: 1.0
[2, 620] ce: 0.005329340696334839, acc: 1.0
[3, 0] ce: 0.005496963858604431, acc: 1.0
[3, 0] avg_ce: 0.15018996596336365, avg_acc: 0.9553571343421936
[3, 10] ce: 0.010311149060726166, acc: 1.0
[3, 20] ce: 0.31676095724105835, acc: 0.9375
[3, 30] ce: 0.014495112001895905, acc: 1.0
[3, 40] ce: 0.41526538133621216, acc: 0.875
[3, 50] ce: 0.02898702770471573, acc: 1.0
[3, 60] ce: 0.2388661801815033, acc: 0.9375
[3, 70] ce: 0.019510507583618164, acc: 1.0
[3, 80] ce: 0.022497497498989105, acc: 1.0
[3, 90] ce: 0.024640746414661407, acc: 1.0
[3, 100] ce: 0.24878686666488647, acc: 0.9375
[3, 110] ce: 0.031206272542476654, acc: 1.0
[3, 120] ce: 0.03996843844652176, acc: 1.0
[3, 130] ce: 0.02010481059551239, acc: 1.0
[3, 140] ce: 0.013571396470069885, acc: 1.0
[3, 150] ce: 0.12417778372764587, acc: 0.9375
[3, 160] ce: 0.015954241156578064, acc: 1.0
[3, 170] ce: 0.010411925613880157, acc: 1.0
[3, 180] ce: 0.018174156546592712, acc: 1.0
[3, 190] ce: 0.12761810421943665, acc: 0.9375
[3, 200] ce: 0.00752633810043335, acc: 1.0
[3, 210] ce: 0.27688297629356384, acc: 0.9375
[3, 220] ce: 0.02550520747900009, acc: 1.0
[3, 230] ce: 0.33725467324256897, acc: 0.9375
[3, 240] ce: 0.01732887327671051, acc: 1.0
[3, 250] ce: 0.2623402774333954, acc: 0.9375
[3, 260] ce: 0.2547323405742645, acc: 0.9375
[3, 270] ce: 0.017865628004074097, acc: 1.0
[3, 280] ce: 0.014346539974212646, acc: 1.0
[3, 290] ce: 0.040892474353313446, acc: 1.0
[3, 300] ce: 0.21053245663642883, acc: 0.9375
[3, 310] ce: 0.012617871165275574, acc: 1.0
[3, 320] ce: 0.2822742462158203, acc: 0.9375
[3, 330] ce: 0.02065996080636978, acc: 1.0
[3, 340] ce: 0.2209593951702118, acc: 0.9375
[3, 350] ce: 0.01422913372516632, acc: 1.0
[3, 360] ce: 0.2547318935394287, acc: 0.9375
[3, 370] ce: 0.282182902097702, acc: 0.9375
[3, 380] ce: 0.044151682406663895, acc: 1.0
[3, 390] ce: 0.19526752829551697, acc: 0.875
[3, 400] ce: 0.016599982976913452, acc: 1.0
[3, 410] ce: 0.027045950293540955, acc: 1.0
[3, 420] ce: 0.01628062129020691, acc: 1.0
[3, 430] ce: 0.1308601200580597, acc: 0.9375
[3, 440] ce: 0.09380462765693665, acc: 0.9375
[3, 450] ce: 0.011428318917751312, acc: 1.0
[3, 460] ce: 0.46742135286331177, acc: 0.875
[3, 470] ce: 0.00993984192609787, acc: 1.0
[3, 480] ce: 0.006389051675796509, acc: 1.0
[3, 490] ce: 0.014475874602794647, acc: 1.0
[3, 500] ce: 0.24419616162776947, acc: 0.9375
[3, 500] avg_ce: 0.08694791048765182, avg_acc: 0.9732142686843872
[3, 510] ce: 0.007374465465545654, acc: 1.0
[3, 520] ce: 0.026319369673728943, acc: 1.0
[3, 530] ce: 0.02553088217973709, acc: 1.0
[3, 540] ce: 0.017914414405822754, acc: 1.0
[3, 550] ce: 0.2510688602924347, acc: 0.9375
[3, 560] ce: 0.023400194942951202, acc: 1.0
[3, 570] ce: 0.008677661418914795, acc: 1.0
[3, 580] ce: 0.2948952317237854, acc: 0.9375
[3, 590] ce: 0.13600769639015198, acc: 0.9375
[3, 600] ce: 0.012055523693561554, acc: 1.0
[3, 610] ce: 0.08016473799943924, acc: 0.9375
[3, 620] ce: 0.009516783058643341, acc: 1.0
[4, 0] ce: 0.2718145251274109, acc: 0.9375
[4, 0] avg_ce: 0.09876333177089691, avg_acc: 0.9732142686843872
[4, 10] ce: 0.020633555948734283, acc: 1.0
[4, 20] ce: 0.007865943014621735, acc: 1.0
[4, 30] ce: 0.012754343450069427, acc: 1.0
[4, 40] ce: 0.011633813381195068, acc: 1.0
[4, 50] ce: 0.284995436668396, acc: 0.9375
[4, 60] ce: 0.005948096513748169, acc: 1.0
[4, 70] ce: 0.5673291683197021, acc: 0.875
[4, 80] ce: 0.1147872731089592, acc: 0.9375
[4, 90] ce: 0.06660768389701843, acc: 1.0
[4, 100] ce: 0.21739885210990906, acc: 0.9375
[4, 110] ce: 0.02301359921693802, acc: 1.0
[4, 120] ce: 0.25674813985824585, acc: 0.9375
[4, 130] ce: 0.021089106798171997, acc: 1.0
[4, 140] ce: 0.27292144298553467, acc: 0.9375
[4, 150] ce: 0.010608069598674774, acc: 1.0
[4, 160] ce: 0.009569749236106873, acc: 1.0
[4, 170] ce: 0.27350395917892456, acc: 0.9375
[4, 180] ce: 0.022597074508666992, acc: 1.0
[4, 190] ce: 0.012730449438095093, acc: 1.0
[4, 200] ce: 0.31652551889419556, acc: 0.875
[4, 210] ce: 0.036556050181388855, acc: 1.0
[4, 220] ce: 0.01958325505256653, acc: 1.0
[4, 230] ce: 0.274466335773468, acc: 0.9375
[4, 240] ce: 0.023734569549560547, acc: 1.0
[4, 250] ce: 0.012628093361854553, acc: 1.0
[4, 260] ce: 0.046851757913827896, acc: 1.0
[4, 270] ce: 0.04041831195354462, acc: 1.0
[4, 280] ce: 0.014104045927524567, acc: 1.0
[4, 290] ce: 0.08625711500644684, acc: 1.0
[4, 300] ce: 0.023793771862983704, acc: 1.0
[4, 310] ce: 0.02111394703388214, acc: 1.0
[4, 320] ce: 0.04683930054306984, acc: 1.0
[4, 330] ce: 0.08500903099775314, acc: 0.9375
[4, 340] ce: 0.16014590859413147, acc: 0.9375
[4, 350] ce: 0.06906946003437042, acc: 0.9375
[4, 360] ce: 0.012618966400623322, acc: 1.0
[4, 370] ce: 0.012628287076950073, acc: 1.0
[4, 380] ce: 0.14054366946220398, acc: 0.9375
[4, 390] ce: 0.26358282566070557, acc: 0.9375
[4, 400] ce: 0.027638159692287445, acc: 1.0
[4, 410] ce: 0.013321548700332642, acc: 1.0
[4, 420] ce: 0.2975890338420868, acc: 0.9375
[4, 430] ce: 0.012081116437911987, acc: 1.0
[4, 440] ce: 0.02088126540184021, acc: 1.0
[4, 450] ce: 0.03803001344203949, acc: 1.0
[4, 460] ce: 0.13449034094810486, acc: 0.9375
[4, 470] ce: 0.2335132658481598, acc: 0.9375
[4, 480] ce: 0.019640684127807617, acc: 1.0
[4, 490] ce: 0.032732851803302765, acc: 1.0
[4, 500] ce: 0.014545418322086334, acc: 1.0
[4, 500] avg_ce: 0.09792586416006088, avg_acc: 0.9732142686843872
[4, 510] ce: 0.26180732250213623, acc: 0.9375
[4, 520] ce: 0.044013336300849915, acc: 1.0
[4, 530] ce: 0.13146889209747314, acc: 0.9375
[4, 540] ce: 0.015239082276821136, acc: 1.0
[4, 550] ce: 0.007267996668815613, acc: 1.0
[4, 560] ce: 0.01022765040397644, acc: 1.0
[4, 570] ce: 0.023668639361858368, acc: 1.0
[4, 580] ce: 0.011259347200393677, acc: 1.0
[4, 590] ce: 0.00945289433002472, acc: 1.0
[4, 600] ce: 0.013144619762897491, acc: 1.0
[4, 610] ce: 0.08139972388744354, acc: 0.9375
[4, 620] ce: 0.015883538872003555, acc: 1.0
